<?xml version="1.0" encoding="UTF-8"?>
<coverage generated="1544239739806" clover="3.2.0">
  <project timestamp="1544239739807" name="All files">
    <metrics statements="163" coveredstatements="161" conditionals="53" coveredconditionals="49" methods="27" coveredmethods="27" elements="243" coveredelements="237" complexity="0" loc="163" ncloc="163" packages="1" files="1" classes="1">
      <file name="tensor.ts" path="/home/argonic/Desktop/Projects/tensor/src/tensor.ts">
        <metrics statements="163" coveredstatements="161" conditionals="53" coveredconditionals="49" methods="27" coveredmethods="27"/>
        <line num="11" count="1" type="stmt"/>
        <line num="20" count="61" type="stmt"/>
        <line num="22" count="61" type="stmt"/>
        <line num="24" count="61" type="stmt"/>
        <line num="26" count="61" type="stmt"/>
        <line num="28" count="61" type="stmt"/>
        <line num="30" count="61" type="stmt"/>
        <line num="36" count="186" type="stmt"/>
        <line num="37" count="61" type="cond" truecount="4" falsecount="0"/>
        <line num="38" count="1" type="stmt"/>
        <line num="40" count="61" type="cond" truecount="2" falsecount="0"/>
        <line num="41" count="1" type="stmt"/>
        <line num="43" count="1000185" type="stmt"/>
        <line num="44" count="1000185" type="cond" truecount="5" falsecount="0"/>
        <line num="45" count="3" type="stmt"/>
        <line num="48" count="57" type="stmt"/>
        <line num="49" count="57" type="stmt"/>
        <line num="60" count="10" type="cond" truecount="2" falsecount="0"/>
        <line num="61" count="6" type="cond" truecount="2" falsecount="0"/>
        <line num="62" count="2" type="stmt"/>
        <line num="64" count="4" type="cond" truecount="2" falsecount="0"/>
        <line num="65" count="2" type="stmt"/>
        <line num="68" count="2" type="stmt"/>
        <line num="70" count="4" type="stmt"/>
        <line num="71" count="4" type="stmt"/>
        <line num="72" count="4" type="stmt"/>
        <line num="73" count="4" type="stmt"/>
        <line num="74" count="4" type="stmt"/>
        <line num="75" count="4" type="stmt"/>
        <line num="76" count="4" type="stmt"/>
        <line num="77" count="4" type="stmt"/>
        <line num="78" count="4" type="stmt"/>
        <line num="79" count="4" type="stmt"/>
        <line num="92" count="18" type="cond" truecount="1" falsecount="1"/>
        <line num="93" count="9" type="cond" truecount="1" falsecount="1"/>
        <line num="94" count="9" type="stmt"/>
        <line num="95" count="9" type="stmt"/>
        <line num="96" count="27" type="stmt"/>
        <line num="98" count="9" type="stmt"/>
        <line num="100" count="9" type="stmt"/>
        <line num="101" count="9" type="stmt"/>
        <line num="102" count="27" type="stmt"/>
        <line num="104" count="9" type="stmt"/>
        <line num="105" count="9" type="stmt"/>
        <line num="106" count="9" type="stmt"/>
        <line num="107" count="9" type="stmt"/>
        <line num="108" count="540" type="stmt"/>
        <line num="109" count="540" type="stmt"/>
        <line num="110" count="540" type="stmt"/>
        <line num="111" count="1620" type="stmt"/>
        <line num="113" count="540" type="stmt"/>
        <line num="114" count="540" type="stmt"/>
        <line num="116" count="9" type="stmt"/>
        <line num="117" count="9" type="stmt"/>
        <line num="122" count="1" type="stmt"/>
        <line num="124" count="9" type="stmt"/>
        <line num="129" count="1" type="stmt"/>
        <line num="131" count="9" type="stmt"/>
        <line num="136" count="1" type="stmt"/>
        <line num="137" count="53" type="stmt"/>
        <line num="142" count="1" type="stmt"/>
        <line num="143" count="6" type="stmt"/>
        <line num="148" count="1" type="stmt"/>
        <line num="149" count="7" type="stmt"/>
        <line num="154" count="1" type="stmt"/>
        <line num="155" count="11" type="stmt"/>
        <line num="160" count="1" type="stmt"/>
        <line num="161" count="4" type="stmt"/>
        <line num="166" count="1" type="stmt"/>
        <line num="167" count="8" type="stmt"/>
        <line num="172" count="1" type="stmt"/>
        <line num="173" count="12" type="stmt"/>
        <line num="178" count="1" type="stmt"/>
        <line num="179" count="408" type="cond" truecount="2" falsecount="0"/>
        <line num="180" count="26" type="stmt"/>
        <line num="181" count="26" type="stmt"/>
        <line num="182" count="26" type="stmt"/>
        <line num="184" count="408" type="stmt"/>
        <line num="190" count="13" type="cond" truecount="2" falsecount="0"/>
        <line num="191" count="1" type="stmt"/>
        <line num="193" count="12" type="cond" truecount="2" falsecount="0"/>
        <line num="194" count="2" type="stmt"/>
        <line num="196" count="10" type="stmt"/>
        <line num="197" count="540" type="stmt"/>
        <line num="198" count="540" type="stmt"/>
        <line num="206" count="1" type="stmt"/>
        <line num="207" count="9" type="stmt"/>
        <line num="212" count="1" type="stmt"/>
        <line num="213" count="8" type="stmt"/>
        <line num="214" count="8" type="stmt"/>
        <line num="215" count="8" type="stmt"/>
        <line num="216" count="8" type="stmt"/>
        <line num="217" count="480" type="stmt"/>
        <line num="218" count="480" type="stmt"/>
        <line num="219" count="480" type="stmt"/>
        <line num="220" count="1200" type="stmt"/>
        <line num="221" count="1200" type="cond" truecount="2" falsecount="0"/>
        <line num="222" count="594" type="stmt"/>
        <line num="223" count="594" type="cond" truecount="2" falsecount="0"/>
        <line num="224" count="480" type="stmt"/>
        <line num="225" count="480" type="stmt"/>
        <line num="228" count="720" type="stmt"/>
        <line num="231" count="8" type="stmt"/>
        <line num="240" count="1" type="stmt"/>
        <line num="241" count="9" type="cond" truecount="2" falsecount="0"/>
        <line num="242" count="7" type="stmt"/>
        <line num="244" count="7" type="stmt"/>
        <line num="245" count="7" type="stmt"/>
        <line num="246" count="7" type="stmt"/>
        <line num="247" count="362" type="stmt"/>
        <line num="248" count="362" type="stmt"/>
        <line num="249" count="362" type="cond" truecount="2" falsecount="0"/>
        <line num="250" count="362" type="cond" truecount="2" falsecount="0"/>
        <line num="253" count="2" type="stmt"/>
        <line num="254" count="2" type="stmt"/>
        <line num="256" count="2" type="stmt"/>
        <line num="257" count="2" type="stmt"/>
        <line num="258" count="2" type="stmt"/>
        <line num="260" count="9" type="stmt"/>
        <line num="268" count="1" type="stmt"/>
        <line num="269" count="1080" type="stmt"/>
        <line num="270" count="1080" type="stmt"/>
        <line num="271" count="1080" type="stmt"/>
        <line num="272" count="3000" type="stmt"/>
        <line num="273" count="3000" type="stmt"/>
        <line num="274" count="3000" type="stmt"/>
        <line num="276" count="1080" type="stmt"/>
        <line num="287" count="2530" type="stmt"/>
        <line num="288" count="966" type="cond" truecount="2" falsecount="0"/>
        <line num="289" count="184" type="stmt"/>
        <line num="291" count="782" type="cond" truecount="2" falsecount="0"/>
        <line num="292" count="2" type="stmt"/>
        <line num="295" count="780" type="stmt"/>
        <line num="296" count="780" type="stmt"/>
        <line num="297" count="2340" type="stmt"/>
        <line num="299" count="780" type="stmt"/>
        <line num="309" count="484" type="stmt"/>
        <line num="310" count="244" type="stmt"/>
        <line num="320" count="240" type="stmt"/>
        <line num="321" count="120" type="stmt"/>
        <line num="322" count="120" type="stmt"/>
        <line num="323" count="120" type="stmt"/>
        <line num="324" count="120" type="cond" truecount="3" falsecount="1"/>
        <line num="325" count="0" type="stmt"/>
        <line num="327" count="120" type="cond" truecount="3" falsecount="1"/>
        <line num="328" count="0" type="stmt"/>
        <line num="330" count="120" type="stmt"/>
        <line num="331" count="120" type="stmt"/>
        <line num="332" count="120" type="stmt"/>
        <line num="349" count="1" type="stmt"/>
        <line num="350" count="57" type="stmt"/>
        <line num="351" count="57" type="stmt"/>
        <line num="352" count="1000125" type="stmt"/>
        <line num="354" count="57" type="stmt"/>
        <line num="355" count="57" type="stmt"/>
        <line num="357" count="57" type="stmt"/>
        <line num="358" count="1000182" type="stmt"/>
        <line num="359" count="1000182" type="cond" truecount="2" falsecount="0"/>
        <line num="360" count="1000182" type="cond" truecount="2" falsecount="0"/>
        <line num="362" count="1000182" type="stmt"/>
        <line num="365" count="1" type="stmt"/>
        <line num="366" count="42" type="stmt"/>
        <line num="368" count="1" type="stmt"/>
      </file>
    </metrics>
  </project>
</coverage>
