<?xml version="1.0" encoding="UTF-8"?>
<coverage generated="1544244789318" clover="3.2.0">
  <project timestamp="1544244789318" name="All files">
    <metrics statements="163" coveredstatements="161" conditionals="53" coveredconditionals="49" methods="27" coveredmethods="27" elements="243" coveredelements="237" complexity="0" loc="163" ncloc="163" packages="1" files="1" classes="1">
      <file name="tensor.ts" path="/home/argonic/Desktop/Projects/tensor/src/tensor.ts">
        <metrics statements="163" coveredstatements="161" conditionals="53" coveredconditionals="49" methods="27" coveredmethods="27"/>
        <line num="11" count="1" type="stmt"/>
        <line num="20" count="61" type="stmt"/>
        <line num="22" count="61" type="stmt"/>
        <line num="24" count="61" type="stmt"/>
        <line num="26" count="61" type="stmt"/>
        <line num="28" count="61" type="stmt"/>
        <line num="30" count="61" type="stmt"/>
        <line num="36" count="186" type="stmt"/>
        <line num="37" count="61" type="cond" truecount="4" falsecount="0"/>
        <line num="38" count="1" type="stmt"/>
        <line num="40" count="61" type="cond" truecount="2" falsecount="0"/>
        <line num="41" count="1" type="stmt"/>
        <line num="43" count="1000185" type="stmt"/>
        <line num="44" count="1000185" type="cond" truecount="5" falsecount="0"/>
        <line num="45" count="3" type="stmt"/>
        <line num="48" count="57" type="stmt"/>
        <line num="49" count="57" type="stmt"/>
        <line num="54" count="1" type="stmt"/>
        <line num="56" count="9" type="stmt"/>
        <line num="61" count="1" type="stmt"/>
        <line num="63" count="9" type="stmt"/>
        <line num="68" count="1" type="stmt"/>
        <line num="69" count="53" type="stmt"/>
        <line num="74" count="1" type="stmt"/>
        <line num="75" count="6" type="stmt"/>
        <line num="80" count="1" type="stmt"/>
        <line num="81" count="7" type="stmt"/>
        <line num="86" count="1" type="stmt"/>
        <line num="87" count="11" type="stmt"/>
        <line num="92" count="1" type="stmt"/>
        <line num="93" count="4" type="stmt"/>
        <line num="98" count="1" type="stmt"/>
        <line num="99" count="8" type="stmt"/>
        <line num="104" count="1" type="stmt"/>
        <line num="105" count="12" type="stmt"/>
        <line num="113" count="1" type="stmt"/>
        <line num="114" count="9" type="stmt"/>
        <line num="119" count="1" type="stmt"/>
        <line num="120" count="8" type="stmt"/>
        <line num="121" count="8" type="stmt"/>
        <line num="122" count="8" type="stmt"/>
        <line num="123" count="8" type="stmt"/>
        <line num="124" count="480" type="stmt"/>
        <line num="125" count="480" type="stmt"/>
        <line num="126" count="480" type="stmt"/>
        <line num="127" count="1200" type="stmt"/>
        <line num="128" count="1200" type="cond" truecount="2" falsecount="0"/>
        <line num="129" count="594" type="stmt"/>
        <line num="130" count="594" type="cond" truecount="2" falsecount="0"/>
        <line num="131" count="480" type="stmt"/>
        <line num="132" count="480" type="stmt"/>
        <line num="135" count="720" type="stmt"/>
        <line num="138" count="8" type="stmt"/>
        <line num="143" count="1" type="stmt"/>
        <line num="144" count="408" type="cond" truecount="2" falsecount="0"/>
        <line num="145" count="26" type="stmt"/>
        <line num="146" count="26" type="stmt"/>
        <line num="147" count="26" type="stmt"/>
        <line num="149" count="408" type="stmt"/>
        <line num="155" count="13" type="cond" truecount="2" falsecount="0"/>
        <line num="156" count="1" type="stmt"/>
        <line num="158" count="12" type="cond" truecount="2" falsecount="0"/>
        <line num="159" count="2" type="stmt"/>
        <line num="161" count="10" type="stmt"/>
        <line num="162" count="540" type="stmt"/>
        <line num="163" count="540" type="stmt"/>
        <line num="174" count="10" type="cond" truecount="2" falsecount="0"/>
        <line num="175" count="6" type="cond" truecount="2" falsecount="0"/>
        <line num="176" count="2" type="stmt"/>
        <line num="178" count="4" type="cond" truecount="2" falsecount="0"/>
        <line num="179" count="2" type="stmt"/>
        <line num="182" count="2" type="stmt"/>
        <line num="184" count="4" type="stmt"/>
        <line num="185" count="4" type="stmt"/>
        <line num="186" count="4" type="stmt"/>
        <line num="187" count="4" type="stmt"/>
        <line num="188" count="4" type="stmt"/>
        <line num="189" count="4" type="stmt"/>
        <line num="190" count="4" type="stmt"/>
        <line num="191" count="4" type="stmt"/>
        <line num="192" count="4" type="stmt"/>
        <line num="193" count="4" type="stmt"/>
        <line num="206" count="18" type="cond" truecount="1" falsecount="1"/>
        <line num="207" count="9" type="cond" truecount="1" falsecount="1"/>
        <line num="208" count="9" type="stmt"/>
        <line num="209" count="9" type="stmt"/>
        <line num="210" count="27" type="stmt"/>
        <line num="212" count="9" type="stmt"/>
        <line num="214" count="9" type="stmt"/>
        <line num="215" count="9" type="stmt"/>
        <line num="216" count="27" type="stmt"/>
        <line num="218" count="9" type="stmt"/>
        <line num="219" count="9" type="stmt"/>
        <line num="220" count="9" type="stmt"/>
        <line num="221" count="9" type="stmt"/>
        <line num="222" count="540" type="stmt"/>
        <line num="223" count="540" type="stmt"/>
        <line num="224" count="540" type="stmt"/>
        <line num="225" count="1620" type="stmt"/>
        <line num="227" count="540" type="stmt"/>
        <line num="228" count="540" type="stmt"/>
        <line num="230" count="9" type="stmt"/>
        <line num="231" count="9" type="stmt"/>
        <line num="240" count="1" type="stmt"/>
        <line num="241" count="9" type="cond" truecount="2" falsecount="0"/>
        <line num="242" count="7" type="stmt"/>
        <line num="244" count="7" type="stmt"/>
        <line num="245" count="7" type="stmt"/>
        <line num="246" count="7" type="stmt"/>
        <line num="247" count="362" type="stmt"/>
        <line num="248" count="362" type="stmt"/>
        <line num="249" count="362" type="cond" truecount="2" falsecount="0"/>
        <line num="250" count="362" type="cond" truecount="2" falsecount="0"/>
        <line num="253" count="2" type="stmt"/>
        <line num="254" count="2" type="stmt"/>
        <line num="256" count="2" type="stmt"/>
        <line num="257" count="2" type="stmt"/>
        <line num="258" count="2" type="stmt"/>
        <line num="260" count="9" type="stmt"/>
        <line num="268" count="1" type="stmt"/>
        <line num="269" count="1080" type="stmt"/>
        <line num="270" count="1080" type="stmt"/>
        <line num="271" count="1080" type="stmt"/>
        <line num="272" count="3000" type="stmt"/>
        <line num="273" count="3000" type="stmt"/>
        <line num="274" count="3000" type="stmt"/>
        <line num="276" count="1080" type="stmt"/>
        <line num="287" count="2530" type="stmt"/>
        <line num="288" count="966" type="cond" truecount="2" falsecount="0"/>
        <line num="289" count="184" type="stmt"/>
        <line num="291" count="782" type="cond" truecount="2" falsecount="0"/>
        <line num="292" count="2" type="stmt"/>
        <line num="296" count="780" type="stmt"/>
        <line num="297" count="780" type="stmt"/>
        <line num="298" count="2340" type="stmt"/>
        <line num="300" count="780" type="stmt"/>
        <line num="310" count="484" type="stmt"/>
        <line num="311" count="244" type="stmt"/>
        <line num="321" count="240" type="stmt"/>
        <line num="322" count="120" type="stmt"/>
        <line num="323" count="120" type="stmt"/>
        <line num="324" count="120" type="stmt"/>
        <line num="325" count="120" type="cond" truecount="3" falsecount="1"/>
        <line num="326" count="0" type="stmt"/>
        <line num="328" count="120" type="cond" truecount="3" falsecount="1"/>
        <line num="329" count="0" type="stmt"/>
        <line num="331" count="120" type="stmt"/>
        <line num="332" count="120" type="stmt"/>
        <line num="333" count="120" type="stmt"/>
        <line num="350" count="1" type="stmt"/>
        <line num="351" count="57" type="stmt"/>
        <line num="352" count="57" type="stmt"/>
        <line num="353" count="1000125" type="stmt"/>
        <line num="355" count="57" type="stmt"/>
        <line num="356" count="57" type="stmt"/>
        <line num="358" count="57" type="stmt"/>
        <line num="359" count="1000182" type="stmt"/>
        <line num="360" count="1000182" type="cond" truecount="2" falsecount="0"/>
        <line num="361" count="1000182" type="cond" truecount="2" falsecount="0"/>
        <line num="363" count="1000182" type="stmt"/>
        <line num="366" count="1" type="stmt"/>
        <line num="367" count="42" type="stmt"/>
        <line num="369" count="1" type="stmt"/>
      </file>
    </metrics>
  </project>
</coverage>
